/orange/narayanan/d.zimmerman/camels_scripts
Sun Mar 24 16:21:05 EDT 2024
Sun Mar 24 16:21:05 EDT 2024
Sun Mar 24 16:21:05 EDT 2024
c0709a-s3.ufhpc
/orange/narayanan/d.zimmerman/camels_scripts
c0706a-s3.ufhpc
c0706a-s3.ufhpc
/orange/narayanan/d.zimmerman/camels_scripts
/orange/narayanan/d.zimmerman/camels_scripts
Sun Mar 24 16:21:05 EDT 2024
Sun Mar 24 16:21:05 EDT 2024
Sun Mar 24 16:21:05 EDT 2024
Sun Mar 24 16:21:05 EDT 2024
Sun Mar 24 16:21:05 EDT 2024
Sun Mar 24 16:21:05 EDT 2024
Sun Mar 24 16:21:05 EDT 2024
c0707a-s4.ufhpc
Sun Mar 24 16:21:05 EDT 2024
c0707a-s4.ufhpc
c0707a-s2.ufhpc
c0707a-s4.ufhpc
c0707a-s8.ufhpc
c0707a-s2.ufhpc
c0707a-s4.ufhpc
c0707a-s8.ufhpc
/orange/narayanan/d.zimmerman/camels_scripts
/orange/narayanan/d.zimmerman/camels_scripts
/orange/narayanan/d.zimmerman/camels_scripts
/orange/narayanan/d.zimmerman/camels_scripts
/orange/narayanan/d.zimmerman/camels_scripts
/orange/narayanan/d.zimmerman/camels_scripts
/orange/narayanan/d.zimmerman/camels_scripts
/orange/narayanan/d.zimmerman/camels_scripts
Sun Mar 24 16:21:05 EDT 2024
c0707a-s11.ufhpc
/orange/narayanan/d.zimmerman/camels_scripts
Sun Mar 24 16:21:05 EDT 2024
Sun Mar 24 16:21:05 EDT 2024
Sun Mar 24 16:21:05 EDT 2024
c0707a-s5.ufhpc
c0707a-s5.ufhpc
/orange/narayanan/d.zimmerman/camels_scripts
/orange/narayanan/d.zimmerman/camels_scripts
c0706a-s4.ufhpc
/orange/narayanan/d.zimmerman/camels_scripts
Sun Mar 24 16:21:05 EDT 2024
c0706a-s28.ufhpc
/orange/narayanan/d.zimmerman/camels_scripts
Sun Mar 24 16:21:05 EDT 2024
c0707a-s20.ufhpc
/orange/narayanan/d.zimmerman/camels_scripts
Sun Mar 24 16:21:05 EDT 2024
c0707a-s18.ufhpc
/orange/narayanan/d.zimmerman/camels_scripts
Sun Mar 24 16:21:05 EDT 2024
c0707a-s14.ufhpc
/orange/narayanan/d.zimmerman/camels_scripts
Sun Mar 24 16:21:05 EDT 2024
Sun Mar 24 16:21:05 EDT 2024
Sun Mar 24 16:21:05 EDT 2024
c0707a-s1.ufhpc
c0707a-s1.ufhpc
/orange/narayanan/d.zimmerman/camels_scripts
/orange/narayanan/d.zimmerman/camels_scripts
c0709a-s24.ufhpc
/orange/narayanan/d.zimmerman/camels_scripts
SIM TYPE:SIMBA
SIMBA_1P_p1_0
90
SIM TYPE:SIMBA
SIMBA_1P_p1_0
14
SIM TYPE:SIMBA
SIMBA_1P_p1_0
62
SIM TYPE:SIMBA
SIMBA_1P_p1_n1
14
SIM TYPE:SIMBA
SIMBA_1P_p1_1
32
SIM TYPE:SIMBA
SIM TYPE:SIMBA
SIMBA_1P_p1_n2
SIMBA_1P_p1_n2
18
14
SIM TYPE:SIMBA
SIMBA_1P_p1_1
44
SIM TYPE:SIMBA
SIMBA_1P_p1_1
14
SIM TYPE:SIMBA
SIM TYPE:SIMBA
SIM TYPE:SIMBA
SIMBA_1P_p1_n2
SIMBA_1P_p1_n2
24
32
SIMBA_1P_p1_n2
62
SIM TYPE:SIMBA
SIMBA_1P_p1_n2
44
SIM TYPE:SIMBA
SIMBA_1P_p1_1
90
SIM TYPE:SIMBA
SIM TYPE:SIMBA
SIMBA_1P_p1_1
SIMBA_1P_p1_1
24
18
SIM TYPE:SIMBA
SIMBA_1P_p1_n1
62
SIM TYPE:SIMBA
SIMBA_1P_p1_n1
90
SIM TYPE:SIMBA
SIM TYPE:SIMBA
SIM TYPE:SIMBA
SIM TYPE:SIMBA
SIMBA_1P_p1_0
SIMBA_1P_p1_0
SIMBA_1P_p1_0
32
SIMBA_1P_p1_0
44
24
18
SIM TYPE:SIMBA
SIMBA_1P_p1_n2
90
SIM TYPE:SIMBA
SIM TYPE:SIMBA
SIMBA_1P_p1_n1
SIM TYPE:SIMBA
SIMBA_1P_p1_n1
32
SIMBA_1P_p1_1
44
62
SIM TYPE:SIMBA
SIMBA_1P_p1_n1
24
SIM TYPE:SIMBA
SIMBA_1P_p1_n1
18
